[2020-11-06 11:18:50] local.ERROR: Please provide a valid cache path. {"exception":"[object] (InvalidArgumentException(code: 0): Please provide a valid cache path. at C:\\Users\\dell\\Desktop\\Laravel project\\DailyTaskApp\\vendor\\laravel\\framework\\src\\Illuminate\\View\\Compilers\\Compiler.php:36)
[stacktrace]
#0 C:\\Users\\dell\\Desktop\\Laravel project\\DailyTaskApp\\vendor\\laravel\\framework\\src\\Illuminate\\View\\ViewServiceProvider.php(91): Illuminate\\View\\Compilers\\Compiler->__construct(Object(Illuminate\\Filesystem\\Filesystem), false)
#1 C:\\Users\\dell\\Desktop\\Laravel project\\DailyTaskApp\\vendor\\laravel\\framework\\src\\Illuminate\\Container\\Container.php(805): Illuminate\\View\\ViewServiceProvider->Illuminate\\View\\{closure}(Object(Illuminate\\Foundation\\Application), Array)
#2 C:\\Users\\dell\\Desktop\\Laravel project\\DailyTaskApp\\vendor\\laravel\\framework\\src\\Illuminate\\Container\\Container.php(691): Illuminate\\Container\\Container->build(Object(Closure))
#3 C:\\Users\\dell\\Desktop\\Laravel project\\DailyTaskApp\\vendor\\laravel\\framework\\src\\Illuminate\\Foundation\\Application.php(796): Illuminate\\Container\\Container->resolve('blade.compiler', Array, true)
#4 C:\\Users\\dell\\Desktop\\Laravel project\\DailyTaskApp\\vendor\\laravel\\framework\\src\\Illuminate\\Container\\Container.php(637): Illuminate\\Foundation\\Application->resolve('blade.compiler', Array)
#5 C:\\Users\\dell\\Desktop\\Laravel project\\DailyTaskApp\\vendor\\laravel\\framework\\src\\Illuminate\\Foundation\\Application.php(781): Illuminate\\Container\\Container->make('blade.compiler', Array)
#6 C:\\Users\\dell\\Desktop\\Laravel project\\DailyTaskApp\\vendor\\laravel\\framework\\src\\Illuminate\\Container\\Container.php(1284): Illuminate\\Foundation\\Application->make('blade.compiler')
#7 C:\\Users\\dell\\Desktop\\Laravel project\\DailyTaskApp\\vendor\\laravel\\framework\\src\\Illuminate\\View\\ViewServiceProvider.php(151): Illuminate\\Container\\Container->offsetGet('blade.compiler')
#8 [internal function]: Illuminate\\View\\ViewServiceProvider->Illuminate\\View\\{closure}()
#9 C:\\Users\\dell\\Desktop\\Laravel project\\DailyTaskApp\\vendor\\laravel\\framework\\src\\Illuminate\\View\\Engines\\EngineResolver.php(55): call_user_func(Object(Closure))
#10 C:\\Users\\dell\\Desktop\\Laravel project\\DailyTaskApp\\vendor\\facade\\ignition\\src\\IgnitionServiceProvider.php(385): Illuminate\\View\\Engines\\EngineResolver->resolve('blade')
#11 C:\\Users\\dell\\Desktop\\Laravel project\\DailyTaskApp\\vendor\\facade\\ignition\\src\\IgnitionServiceProvider.php(123): Facade\\Ignition\\IgnitionServiceProvider->hasCustomViewEnginesRegistered()
#12 C:\\Users\\dell\\Desktop\\Laravel project\\DailyTaskApp\\vendor\\facade\\ignition\\src\\IgnitionServiceProvider.php(82): Facade\\Ignition\\IgnitionServiceProvider->registerViewEngines()
#13 [internal function]: Facade\\Ignition\\IgnitionServiceProvider->boot()
#14 C:\\Users\\dell\\Desktop\\Laravel project\\DailyTaskApp\\vendor\\laravel\\framework\\src\\Illuminate\\Container\\BoundMethod.php(37): call_user_func_array(Array, Array)
#15 C:\\Users\\dell\\Desktop\\Laravel project\\DailyTaskApp\\vendor\\laravel\\framework\\src\\Illuminate\\Container\\Util.php(37): Illuminate\\Container\\BoundMethod::Illuminate\\Container\\{closure}()
#16 C:\\Users\\dell\\Desktop\\Laravel project\\DailyTaskApp\\vendor\\laravel\\framework\\src\\Illuminate\\Container\\BoundMethod.php(95): Illuminate\\Container\\Util::unwrapIfClosure(Object(Closure))
#17 C:\\Users\\dell\\Desktop\\Laravel project\\DailyTaskApp\\vendor\\laravel\\framework\\src\\Illuminate\\Container\\BoundMethod.php(39): Illuminate\\Container\\BoundMethod::callBoundMethod(Object(Illuminate\\Foundation\\Application), Array, Object(Closure))
#18 C:\\Users\\dell\\Desktop\\Laravel project\\DailyTaskApp\\vendor\\laravel\\framework\\src\\Illuminate\\Container\\Container.php(596): Illuminate\\Container\\BoundMethod::call(Object(Illuminate\\Foundation\\Application), Array, Array, NULL)
#19 C:\\Users\\dell\\Desktop\\Laravel project\\DailyTaskApp\\vendor\\laravel\\framework\\src\\Illuminate\\Foundation\\Application.php(867): Illuminate\\Container\\Container->call(Array)
#20 C:\\Users\\dell\\Desktop\\Laravel project\\DailyTaskApp\\vendor\\laravel\\framework\\src\\Illuminate\\Foundation\\Application.php(850): Illuminate\\Foundation\\Application->bootProvider(Object(Facade\\Ignition\\IgnitionServiceProvider))
#21 [internal function]: Illuminate\\Foundation\\Application->Illuminate\\Foundation\\{closure}(Object(Facade\\Ignition\\IgnitionServiceProvider), 14)
#22 C:\\Users\\dell\\Desktop\\Laravel project\\DailyTaskApp\\vendor\\laravel\\framework\\src\\Illuminate\\Foundation\\Application.php(851): array_walk(Array, Object(Closure))
#23 C:\\Users\\dell\\Desktop\\Laravel project\\DailyTaskApp\\vendor\\laravel\\framework\\src\\Illuminate\\Foundation\\Bootstrap\\BootProviders.php(17): Illuminate\\Foundation\\Application->boot()
#24 C:\\Users\\dell\\Desktop\\Laravel project\\DailyTaskApp\\vendor\\laravel\\framework\\src\\Illuminate\\Foundation\\Application.php(230): Illuminate\\Foundation\\Bootstrap\\BootProviders->bootstrap(Object(Illuminate\\Foundation\\Application))
#25 C:\\Users\\dell\\Desktop\\Laravel project\\DailyTaskApp\\vendor\\laravel\\framework\\src\\Illuminate\\Foundation\\Console\\Kernel.php(310): Illuminate\\Foundation\\Application->bootstrapWith(Array)
#26 C:\\Users\\dell\\Desktop\\Laravel project\\DailyTaskApp\\vendor\\laravel\\framework\\src\\Illuminate\\Foundation\\Console\\Kernel.php(127): Illuminate\\Foundation\\Console\\Kernel->bootstrap()
#27 C:\\Users\\dell\\Desktop\\Laravel project\\DailyTaskApp\\artisan(37): Illuminate\\Foundation\\Console\\Kernel->handle(Object(Symfony\\Component\\Console\\Input\\ArgvInput), Object(Symfony\\Component\\Console\\Output\\ConsoleOutput))
#28 {main}
"} 
[2020-11-06 11:19:35] local.ERROR: Please provide a valid cache path. {"exception":"[object] (InvalidArgumentException(code: 0): Please provide a valid cache path. at C:\\Users\\dell\\Desktop\\Laravel project\\DailyTaskApp\\vendor\\laravel\\framework\\src\\Illuminate\\View\\Compilers\\Compiler.php:36)
[stacktrace]
#0 C:\\Users\\dell\\Desktop\\Laravel project\\DailyTaskApp\\vendor\\laravel\\framework\\src\\Illuminate\\View\\ViewServiceProvider.php(91): Illuminate\\View\\Compilers\\Compiler->__construct(Object(Illuminate\\Filesystem\\Filesystem), false)
#1 C:\\Users\\dell\\Desktop\\Laravel project\\DailyTaskApp\\vendor\\laravel\\framework\\src\\Illuminate\\Container\\Container.php(805): Illuminate\\View\\ViewServiceProvider->Illuminate\\View\\{closure}(Object(Illuminate\\Foundation\\Application), Array)
#2 C:\\Users\\dell\\Desktop\\Laravel project\\DailyTaskApp\\vendor\\laravel\\framework\\src\\Illuminate\\Container\\Container.php(691): Illuminate\\Container\\Container->build(Object(Closure))
#3 C:\\Users\\dell\\Desktop\\Laravel project\\DailyTaskApp\\vendor\\laravel\\framework\\src\\Illuminate\\Foundation\\Application.php(796): Illuminate\\Container\\Container->resolve('blade.compiler', Array, true)
#4 C:\\Users\\dell\\Desktop\\Laravel project\\DailyTaskApp\\vendor\\laravel\\framework\\src\\Illuminate\\Container\\Container.php(637): Illuminate\\Foundation\\Application->resolve('blade.compiler', Array)
#5 C:\\Users\\dell\\Desktop\\Laravel project\\DailyTaskApp\\vendor\\laravel\\framework\\src\\Illuminate\\Foundation\\Application.php(781): Illuminate\\Container\\Container->make('blade.compiler', Array)
#6 C:\\Users\\dell\\Desktop\\Laravel project\\DailyTaskApp\\vendor\\laravel\\framework\\src\\Illuminate\\Container\\Container.php(1284): Illuminate\\Foundation\\Application->make('blade.compiler')
#7 C:\\Users\\dell\\Desktop\\Laravel project\\DailyTaskApp\\vendor\\laravel\\framework\\src\\Illuminate\\View\\ViewServiceProvider.php(151): Illuminate\\Container\\Container->offsetGet('blade.compiler')
#8 [internal function]: Illuminate\\View\\ViewServiceProvider->Illuminate\\View\\{closure}()
#9 C:\\Users\\dell\\Desktop\\Laravel project\\DailyTaskApp\\vendor\\laravel\\framework\\src\\Illuminate\\View\\Engines\\EngineResolver.php(55): call_user_func(Object(Closure))
#10 C:\\Users\\dell\\Desktop\\Laravel project\\DailyTaskApp\\vendor\\facade\\ignition\\src\\IgnitionServiceProvider.php(385): Illuminate\\View\\Engines\\EngineResolver->resolve('blade')
#11 C:\\Users\\dell\\Desktop\\Laravel project\\DailyTaskApp\\vendor\\facade\\ignition\\src\\IgnitionServiceProvider.php(123): Facade\\Ignition\\IgnitionServiceProvider->hasCustomViewEnginesRegistered()
#12 C:\\Users\\dell\\Desktop\\Laravel project\\DailyTaskApp\\vendor\\facade\\ignition\\src\\IgnitionServiceProvider.php(82): Facade\\Ignition\\IgnitionServiceProvider->registerViewEngines()
#13 [internal function]: Facade\\Ignition\\IgnitionServiceProvider->boot()
#14 C:\\Users\\dell\\Desktop\\Laravel project\\DailyTaskApp\\vendor\\laravel\\framework\\src\\Illuminate\\Container\\BoundMethod.php(37): call_user_func_array(Array, Array)
#15 C:\\Users\\dell\\Desktop\\Laravel project\\DailyTaskApp\\vendor\\laravel\\framework\\src\\Illuminate\\Container\\Util.php(37): Illuminate\\Container\\BoundMethod::Illuminate\\Container\\{closure}()
#16 C:\\Users\\dell\\Desktop\\Laravel project\\DailyTaskApp\\vendor\\laravel\\framework\\src\\Illuminate\\Container\\BoundMethod.php(95): Illuminate\\Container\\Util::unwrapIfClosure(Object(Closure))
#17 C:\\Users\\dell\\Desktop\\Laravel project\\DailyTaskApp\\vendor\\laravel\\framework\\src\\Illuminate\\Container\\BoundMethod.php(39): Illuminate\\Container\\BoundMethod::callBoundMethod(Object(Illuminate\\Foundation\\Application), Array, Object(Closure))
#18 C:\\Users\\dell\\Desktop\\Laravel project\\DailyTaskApp\\vendor\\laravel\\framework\\src\\Illuminate\\Container\\Container.php(596): Illuminate\\Container\\BoundMethod::call(Object(Illuminate\\Foundation\\Application), Array, Array, NULL)
#19 C:\\Users\\dell\\Desktop\\Laravel project\\DailyTaskApp\\vendor\\laravel\\framework\\src\\Illuminate\\Foundation\\Application.php(867): Illuminate\\Container\\Container->call(Array)
#20 C:\\Users\\dell\\Desktop\\Laravel project\\DailyTaskApp\\vendor\\laravel\\framework\\src\\Illuminate\\Foundation\\Application.php(850): Illuminate\\Foundation\\Application->bootProvider(Object(Facade\\Ignition\\IgnitionServiceProvider))
#21 [internal function]: Illuminate\\Foundation\\Application->Illuminate\\Foundation\\{closure}(Object(Facade\\Ignition\\IgnitionServiceProvider), 14)
#22 C:\\Users\\dell\\Desktop\\Laravel project\\DailyTaskApp\\vendor\\laravel\\framework\\src\\Illuminate\\Foundation\\Application.php(851): array_walk(Array, Object(Closure))
#23 C:\\Users\\dell\\Desktop\\Laravel project\\DailyTaskApp\\vendor\\laravel\\framework\\src\\Illuminate\\Foundation\\Bootstrap\\BootProviders.php(17): Illuminate\\Foundation\\Application->boot()
#24 C:\\Users\\dell\\Desktop\\Laravel project\\DailyTaskApp\\vendor\\laravel\\framework\\src\\Illuminate\\Foundation\\Application.php(230): Illuminate\\Foundation\\Bootstrap\\BootProviders->bootstrap(Object(Illuminate\\Foundation\\Application))
#25 C:\\Users\\dell\\Desktop\\Laravel project\\DailyTaskApp\\vendor\\laravel\\framework\\src\\Illuminate\\Foundation\\Console\\Kernel.php(310): Illuminate\\Foundation\\Application->bootstrapWith(Array)
#26 C:\\Users\\dell\\Desktop\\Laravel project\\DailyTaskApp\\vendor\\laravel\\framework\\src\\Illuminate\\Foundation\\Console\\Kernel.php(127): Illuminate\\Foundation\\Console\\Kernel->bootstrap()
#27 C:\\Users\\dell\\Desktop\\Laravel project\\DailyTaskApp\\artisan(37): Illuminate\\Foundation\\Console\\Kernel->handle(Object(Symfony\\Component\\Console\\Input\\ArgvInput), Object(Symfony\\Component\\Console\\Output\\ConsoleOutput))
#28 {main}
"} 
[2020-11-06 11:19:39] local.ERROR: Please provide a valid cache path. {"exception":"[object] (InvalidArgumentException(code: 0): Please provide a valid cache path. at C:\\Users\\dell\\Desktop\\Laravel project\\DailyTaskApp\\vendor\\laravel\\framework\\src\\Illuminate\\View\\Compilers\\Compiler.php:36)
[stacktrace]
#0 C:\\Users\\dell\\Desktop\\Laravel project\\DailyTaskApp\\vendor\\laravel\\framework\\src\\Illuminate\\View\\ViewServiceProvider.php(91): Illuminate\\View\\Compilers\\Compiler->__construct(Object(Illuminate\\Filesystem\\Filesystem), false)
#1 C:\\Users\\dell\\Desktop\\Laravel project\\DailyTaskApp\\vendor\\laravel\\framework\\src\\Illuminate\\Container\\Container.php(805): Illuminate\\View\\ViewServiceProvider->Illuminate\\View\\{closure}(Object(Illuminate\\Foundation\\Application), Array)
#2 C:\\Users\\dell\\Desktop\\Laravel project\\DailyTaskApp\\vendor\\laravel\\framework\\src\\Illuminate\\Container\\Container.php(691): Illuminate\\Container\\Container->build(Object(Closure))
#3 C:\\Users\\dell\\Desktop\\Laravel project\\DailyTaskApp\\vendor\\laravel\\framework\\src\\Illuminate\\Foundation\\Application.php(796): Illuminate\\Container\\Container->resolve('blade.compiler', Array, true)
#4 C:\\Users\\dell\\Desktop\\Laravel project\\DailyTaskApp\\vendor\\laravel\\framework\\src\\Illuminate\\Container\\Container.php(637): Illuminate\\Foundation\\Application->resolve('blade.compiler', Array)
#5 C:\\Users\\dell\\Desktop\\Laravel project\\DailyTaskApp\\vendor\\laravel\\framework\\src\\Illuminate\\Foundation\\Application.php(781): Illuminate\\Container\\Container->make('blade.compiler', Array)
#6 C:\\Users\\dell\\Desktop\\Laravel project\\DailyTaskApp\\vendor\\laravel\\framework\\src\\Illuminate\\Container\\Container.php(1284): Illuminate\\Foundation\\Application->make('blade.compiler')
#7 C:\\Users\\dell\\Desktop\\Laravel project\\DailyTaskApp\\vendor\\laravel\\framework\\src\\Illuminate\\View\\ViewServiceProvider.php(151): Illuminate\\Container\\Container->offsetGet('blade.compiler')
#8 [internal function]: Illuminate\\View\\ViewServiceProvider->Illuminate\\View\\{closure}()
#9 C:\\Users\\dell\\Desktop\\Laravel project\\DailyTaskApp\\vendor\\laravel\\framework\\src\\Illuminate\\View\\Engines\\EngineResolver.php(55): call_user_func(Object(Closure))
#10 C:\\Users\\dell\\Desktop\\Laravel project\\DailyTaskApp\\vendor\\facade\\ignition\\src\\IgnitionServiceProvider.php(385): Illuminate\\View\\Engines\\EngineResolver->resolve('blade')
#11 C:\\Users\\dell\\Desktop\\Laravel project\\DailyTaskApp\\vendor\\facade\\ignition\\src\\IgnitionServiceProvider.php(123): Facade\\Ignition\\IgnitionServiceProvider->hasCustomViewEnginesRegistered()
#12 C:\\Users\\dell\\Desktop\\Laravel project\\DailyTaskApp\\vendor\\facade\\ignition\\src\\IgnitionServiceProvider.php(82): Facade\\Ignition\\IgnitionServiceProvider->registerViewEngines()
#13 [internal function]: Facade\\Ignition\\IgnitionServiceProvider->boot()
#14 C:\\Users\\dell\\Desktop\\Laravel project\\DailyTaskApp\\vendor\\laravel\\framework\\src\\Illuminate\\Container\\BoundMethod.php(37): call_user_func_array(Array, Array)
#15 C:\\Users\\dell\\Desktop\\Laravel project\\DailyTaskApp\\vendor\\laravel\\framework\\src\\Illuminate\\Container\\Util.php(37): Illuminate\\Container\\BoundMethod::Illuminate\\Container\\{closure}()
#16 C:\\Users\\dell\\Desktop\\Laravel project\\DailyTaskApp\\vendor\\laravel\\framework\\src\\Illuminate\\Container\\BoundMethod.php(95): Illuminate\\Container\\Util::unwrapIfClosure(Object(Closure))
#17 C:\\Users\\dell\\Desktop\\Laravel project\\DailyTaskApp\\vendor\\laravel\\framework\\src\\Illuminate\\Container\\BoundMethod.php(39): Illuminate\\Container\\BoundMethod::callBoundMethod(Object(Illuminate\\Foundation\\Application), Array, Object(Closure))
#18 C:\\Users\\dell\\Desktop\\Laravel project\\DailyTaskApp\\vendor\\laravel\\framework\\src\\Illuminate\\Container\\Container.php(596): Illuminate\\Container\\BoundMethod::call(Object(Illuminate\\Foundation\\Application), Array, Array, NULL)
#19 C:\\Users\\dell\\Desktop\\Laravel project\\DailyTaskApp\\vendor\\laravel\\framework\\src\\Illuminate\\Foundation\\Application.php(867): Illuminate\\Container\\Container->call(Array)
#20 C:\\Users\\dell\\Desktop\\Laravel project\\DailyTaskApp\\vendor\\laravel\\framework\\src\\Illuminate\\Foundation\\Application.php(850): Illuminate\\Foundation\\Application->bootProvider(Object(Facade\\Ignition\\IgnitionServiceProvider))
#21 [internal function]: Illuminate\\Foundation\\Application->Illuminate\\Foundation\\{closure}(Object(Facade\\Ignition\\IgnitionServiceProvider), 14)
#22 C:\\Users\\dell\\Desktop\\Laravel project\\DailyTaskApp\\vendor\\laravel\\framework\\src\\Illuminate\\Foundation\\Application.php(851): array_walk(Array, Object(Closure))
#23 C:\\Users\\dell\\Desktop\\Laravel project\\DailyTaskApp\\vendor\\laravel\\framework\\src\\Illuminate\\Foundation\\Bootstrap\\BootProviders.php(17): Illuminate\\Foundation\\Application->boot()
#24 C:\\Users\\dell\\Desktop\\Laravel project\\DailyTaskApp\\vendor\\laravel\\framework\\src\\Illuminate\\Foundation\\Application.php(230): Illuminate\\Foundation\\Bootstrap\\BootProviders->bootstrap(Object(Illuminate\\Foundation\\Application))
#25 C:\\Users\\dell\\Desktop\\Laravel project\\DailyTaskApp\\vendor\\laravel\\framework\\src\\Illuminate\\Foundation\\Console\\Kernel.php(310): Illuminate\\Foundation\\Application->bootstrapWith(Array)
#26 C:\\Users\\dell\\Desktop\\Laravel project\\DailyTaskApp\\vendor\\laravel\\framework\\src\\Illuminate\\Foundation\\Console\\Kernel.php(127): Illuminate\\Foundation\\Console\\Kernel->bootstrap()
#27 C:\\Users\\dell\\Desktop\\Laravel project\\DailyTaskApp\\artisan(37): Illuminate\\Foundation\\Console\\Kernel->handle(Object(Symfony\\Component\\Console\\Input\\ArgvInput), Object(Symfony\\Component\\Console\\Output\\ConsoleOutput))
#28 {main}
"} 
[2020-11-06 11:19:48] local.ERROR: Please provide a valid cache path. {"exception":"[object] (InvalidArgumentException(code: 0): Please provide a valid cache path. at C:\\Users\\dell\\Desktop\\Laravel project\\DailyTaskApp\\vendor\\laravel\\framework\\src\\Illuminate\\View\\Compilers\\Compiler.php:36)
[stacktrace]
#0 C:\\Users\\dell\\Desktop\\Laravel project\\DailyTaskApp\\vendor\\laravel\\framework\\src\\Illuminate\\View\\ViewServiceProvider.php(91): Illuminate\\View\\Compilers\\Compiler->__construct(Object(Illuminate\\Filesystem\\Filesystem), false)
#1 C:\\Users\\dell\\Desktop\\Laravel project\\DailyTaskApp\\vendor\\laravel\\framework\\src\\Illuminate\\Container\\Container.php(805): Illuminate\\View\\ViewServiceProvider->Illuminate\\View\\{closure}(Object(Illuminate\\Foundation\\Application), Array)
#2 C:\\Users\\dell\\Desktop\\Laravel project\\DailyTaskApp\\vendor\\laravel\\framework\\src\\Illuminate\\Container\\Container.php(691): Illuminate\\Container\\Container->build(Object(Closure))
#3 C:\\Users\\dell\\Desktop\\Laravel project\\DailyTaskApp\\vendor\\laravel\\framework\\src\\Illuminate\\Foundation\\Application.php(796): Illuminate\\Container\\Container->resolve('blade.compiler', Array, true)
#4 C:\\Users\\dell\\Desktop\\Laravel project\\DailyTaskApp\\vendor\\laravel\\framework\\src\\Illuminate\\Container\\Container.php(637): Illuminate\\Foundation\\Application->resolve('blade.compiler', Array)
#5 C:\\Users\\dell\\Desktop\\Laravel project\\DailyTaskApp\\vendor\\laravel\\framework\\src\\Illuminate\\Foundation\\Application.php(781): Illuminate\\Container\\Container->make('blade.compiler', Array)
#6 C:\\Users\\dell\\Desktop\\Laravel project\\DailyTaskApp\\vendor\\laravel\\framework\\src\\Illuminate\\Container\\Container.php(1284): Illuminate\\Foundation\\Application->make('blade.compiler')
#7 C:\\Users\\dell\\Desktop\\Laravel project\\DailyTaskApp\\vendor\\laravel\\framework\\src\\Illuminate\\View\\ViewServiceProvider.php(151): Illuminate\\Container\\Container->offsetGet('blade.compiler')
#8 [internal function]: Illuminate\\View\\ViewServiceProvider->Illuminate\\View\\{closure}()
#9 C:\\Users\\dell\\Desktop\\Laravel project\\DailyTaskApp\\vendor\\laravel\\framework\\src\\Illuminate\\View\\Engines\\EngineResolver.php(55): call_user_func(Object(Closure))
#10 C:\\Users\\dell\\Desktop\\Laravel project\\DailyTaskApp\\vendor\\facade\\ignition\\src\\IgnitionServiceProvider.php(385): Illuminate\\View\\Engines\\EngineResolver->resolve('blade')
#11 C:\\Users\\dell\\Desktop\\Laravel project\\DailyTaskApp\\vendor\\facade\\ignition\\src\\IgnitionServiceProvider.php(123): Facade\\Ignition\\IgnitionServiceProvider->hasCustomViewEnginesRegistered()
#12 C:\\Users\\dell\\Desktop\\Laravel project\\DailyTaskApp\\vendor\\facade\\ignition\\src\\IgnitionServiceProvider.php(82): Facade\\Ignition\\IgnitionServiceProvider->registerViewEngines()
#13 [internal function]: Facade\\Ignition\\IgnitionServiceProvider->boot()
#14 C:\\Users\\dell\\Desktop\\Laravel project\\DailyTaskApp\\vendor\\laravel\\framework\\src\\Illuminate\\Container\\BoundMethod.php(37): call_user_func_array(Array, Array)
#15 C:\\Users\\dell\\Desktop\\Laravel project\\DailyTaskApp\\vendor\\laravel\\framework\\src\\Illuminate\\Container\\Util.php(37): Illuminate\\Container\\BoundMethod::Illuminate\\Container\\{closure}()
#16 C:\\Users\\dell\\Desktop\\Laravel project\\DailyTaskApp\\vendor\\laravel\\framework\\src\\Illuminate\\Container\\BoundMethod.php(95): Illuminate\\Container\\Util::unwrapIfClosure(Object(Closure))
#17 C:\\Users\\dell\\Desktop\\Laravel project\\DailyTaskApp\\vendor\\laravel\\framework\\src\\Illuminate\\Container\\BoundMethod.php(39): Illuminate\\Container\\BoundMethod::callBoundMethod(Object(Illuminate\\Foundation\\Application), Array, Object(Closure))
#18 C:\\Users\\dell\\Desktop\\Laravel project\\DailyTaskApp\\vendor\\laravel\\framework\\src\\Illuminate\\Container\\Container.php(596): Illuminate\\Container\\BoundMethod::call(Object(Illuminate\\Foundation\\Application), Array, Array, NULL)
#19 C:\\Users\\dell\\Desktop\\Laravel project\\DailyTaskApp\\vendor\\laravel\\framework\\src\\Illuminate\\Foundation\\Application.php(867): Illuminate\\Container\\Container->call(Array)
#20 C:\\Users\\dell\\Desktop\\Laravel project\\DailyTaskApp\\vendor\\laravel\\framework\\src\\Illuminate\\Foundation\\Application.php(850): Illuminate\\Foundation\\Application->bootProvider(Object(Facade\\Ignition\\IgnitionServiceProvider))
#21 [internal function]: Illuminate\\Foundation\\Application->Illuminate\\Foundation\\{closure}(Object(Facade\\Ignition\\IgnitionServiceProvider), 14)
#22 C:\\Users\\dell\\Desktop\\Laravel project\\DailyTaskApp\\vendor\\laravel\\framework\\src\\Illuminate\\Foundation\\Application.php(851): array_walk(Array, Object(Closure))
#23 C:\\Users\\dell\\Desktop\\Laravel project\\DailyTaskApp\\vendor\\laravel\\framework\\src\\Illuminate\\Foundation\\Bootstrap\\BootProviders.php(17): Illuminate\\Foundation\\Application->boot()
#24 C:\\Users\\dell\\Desktop\\Laravel project\\DailyTaskApp\\vendor\\laravel\\framework\\src\\Illuminate\\Foundation\\Application.php(230): Illuminate\\Foundation\\Bootstrap\\BootProviders->bootstrap(Object(Illuminate\\Foundation\\Application))
#25 C:\\Users\\dell\\Desktop\\Laravel project\\DailyTaskApp\\vendor\\laravel\\framework\\src\\Illuminate\\Foundation\\Console\\Kernel.php(310): Illuminate\\Foundation\\Application->bootstrapWith(Array)
#26 C:\\Users\\dell\\Desktop\\Laravel project\\DailyTaskApp\\vendor\\laravel\\framework\\src\\Illuminate\\Foundation\\Console\\Kernel.php(127): Illuminate\\Foundation\\Console\\Kernel->bootstrap()
#27 C:\\Users\\dell\\Desktop\\Laravel project\\DailyTaskApp\\artisan(37): Illuminate\\Foundation\\Console\\Kernel->handle(Object(Symfony\\Component\\Console\\Input\\ArgvInput), Object(Symfony\\Component\\Console\\Output\\ConsoleOutput))
#28 {main}
"} 
[2020-11-06 12:00:08] local.ERROR: Please provide a valid cache path. {"exception":"[object] (InvalidArgumentException(code: 0): Please provide a valid cache path. at C:\\Users\\dell\\Desktop\\Laravel project\\DailyTaskApp\\vendor\\laravel\\framework\\src\\Illuminate\\View\\Compilers\\Compiler.php:36)
[stacktrace]
#0 C:\\Users\\dell\\Desktop\\Laravel project\\DailyTaskApp\\vendor\\laravel\\framework\\src\\Illuminate\\View\\ViewServiceProvider.php(91): Illuminate\\View\\Compilers\\Compiler->__construct(Object(Illuminate\\Filesystem\\Filesystem), false)
#1 C:\\Users\\dell\\Desktop\\Laravel project\\DailyTaskApp\\vendor\\laravel\\framework\\src\\Illuminate\\Container\\Container.php(805): Illuminate\\View\\ViewServiceProvider->Illuminate\\View\\{closure}(Object(Illuminate\\Foundation\\Application), Array)
#2 C:\\Users\\dell\\Desktop\\Laravel project\\DailyTaskApp\\vendor\\laravel\\framework\\src\\Illuminate\\Container\\Container.php(691): Illuminate\\Container\\Container->build(Object(Closure))
#3 C:\\Users\\dell\\Desktop\\Laravel project\\DailyTaskApp\\vendor\\laravel\\framework\\src\\Illuminate\\Foundation\\Application.php(796): Illuminate\\Container\\Container->resolve('blade.compiler', Array, true)
#4 C:\\Users\\dell\\Desktop\\Laravel project\\DailyTaskApp\\vendor\\laravel\\framework\\src\\Illuminate\\Container\\Container.php(637): Illuminate\\Foundation\\Application->resolve('blade.compiler', Array)
#5 C:\\Users\\dell\\Desktop\\Laravel project\\DailyTaskApp\\vendor\\laravel\\framework\\src\\Illuminate\\Foundation\\Application.php(781): Illuminate\\Container\\Container->make('blade.compiler', Array)
#6 C:\\Users\\dell\\Desktop\\Laravel project\\DailyTaskApp\\vendor\\laravel\\framework\\src\\Illuminate\\Container\\Container.php(1284): Illuminate\\Foundation\\Application->make('blade.compiler')
#7 C:\\Users\\dell\\Desktop\\Laravel project\\DailyTaskApp\\vendor\\laravel\\framework\\src\\Illuminate\\View\\ViewServiceProvider.php(151): Illuminate\\Container\\Container->offsetGet('blade.compiler')
#8 [internal function]: Illuminate\\View\\ViewServiceProvider->Illuminate\\View\\{closure}()
#9 C:\\Users\\dell\\Desktop\\Laravel project\\DailyTaskApp\\vendor\\laravel\\framework\\src\\Illuminate\\View\\Engines\\EngineResolver.php(55): call_user_func(Object(Closure))
#10 C:\\Users\\dell\\Desktop\\Laravel project\\DailyTaskApp\\vendor\\facade\\ignition\\src\\IgnitionServiceProvider.php(385): Illuminate\\View\\Engines\\EngineResolver->resolve('blade')
#11 C:\\Users\\dell\\Desktop\\Laravel project\\DailyTaskApp\\vendor\\facade\\ignition\\src\\IgnitionServiceProvider.php(123): Facade\\Ignition\\IgnitionServiceProvider->hasCustomViewEnginesRegistered()
#12 C:\\Users\\dell\\Desktop\\Laravel project\\DailyTaskApp\\vendor\\facade\\ignition\\src\\IgnitionServiceProvider.php(82): Facade\\Ignition\\IgnitionServiceProvider->registerViewEngines()
#13 [internal function]: Facade\\Ignition\\IgnitionServiceProvider->boot()
#14 C:\\Users\\dell\\Desktop\\Laravel project\\DailyTaskApp\\vendor\\laravel\\framework\\src\\Illuminate\\Container\\BoundMethod.php(37): call_user_func_array(Array, Array)
#15 C:\\Users\\dell\\Desktop\\Laravel project\\DailyTaskApp\\vendor\\laravel\\framework\\src\\Illuminate\\Container\\Util.php(37): Illuminate\\Container\\BoundMethod::Illuminate\\Container\\{closure}()
#16 C:\\Users\\dell\\Desktop\\Laravel project\\DailyTaskApp\\vendor\\laravel\\framework\\src\\Illuminate\\Container\\BoundMethod.php(95): Illuminate\\Container\\Util::unwrapIfClosure(Object(Closure))
#17 C:\\Users\\dell\\Desktop\\Laravel project\\DailyTaskApp\\vendor\\laravel\\framework\\src\\Illuminate\\Container\\BoundMethod.php(39): Illuminate\\Container\\BoundMethod::callBoundMethod(Object(Illuminate\\Foundation\\Application), Array, Object(Closure))
#18 C:\\Users\\dell\\Desktop\\Laravel project\\DailyTaskApp\\vendor\\laravel\\framework\\src\\Illuminate\\Container\\Container.php(596): Illuminate\\Container\\BoundMethod::call(Object(Illuminate\\Foundation\\Application), Array, Array, NULL)
#19 C:\\Users\\dell\\Desktop\\Laravel project\\DailyTaskApp\\vendor\\laravel\\framework\\src\\Illuminate\\Foundation\\Application.php(867): Illuminate\\Container\\Container->call(Array)
#20 C:\\Users\\dell\\Desktop\\Laravel project\\DailyTaskApp\\vendor\\laravel\\framework\\src\\Illuminate\\Foundation\\Application.php(850): Illuminate\\Foundation\\Application->bootProvider(Object(Facade\\Ignition\\IgnitionServiceProvider))
#21 [internal function]: Illuminate\\Foundation\\Application->Illuminate\\Foundation\\{closure}(Object(Facade\\Ignition\\IgnitionServiceProvider), 14)
#22 C:\\Users\\dell\\Desktop\\Laravel project\\DailyTaskApp\\vendor\\laravel\\framework\\src\\Illuminate\\Foundation\\Application.php(851): array_walk(Array, Object(Closure))
#23 C:\\Users\\dell\\Desktop\\Laravel project\\DailyTaskApp\\vendor\\laravel\\framework\\src\\Illuminate\\Foundation\\Bootstrap\\BootProviders.php(17): Illuminate\\Foundation\\Application->boot()
#24 C:\\Users\\dell\\Desktop\\Laravel project\\DailyTaskApp\\vendor\\laravel\\framework\\src\\Illuminate\\Foundation\\Application.php(230): Illuminate\\Foundation\\Bootstrap\\BootProviders->bootstrap(Object(Illuminate\\Foundation\\Application))
#25 C:\\Users\\dell\\Desktop\\Laravel project\\DailyTaskApp\\vendor\\laravel\\framework\\src\\Illuminate\\Foundation\\Console\\Kernel.php(310): Illuminate\\Foundation\\Application->bootstrapWith(Array)
#26 C:\\Users\\dell\\Desktop\\Laravel project\\DailyTaskApp\\vendor\\laravel\\framework\\src\\Illuminate\\Foundation\\Console\\Kernel.php(127): Illuminate\\Foundation\\Console\\Kernel->bootstrap()
#27 C:\\Users\\dell\\Desktop\\Laravel project\\DailyTaskApp\\artisan(37): Illuminate\\Foundation\\Console\\Kernel->handle(Object(Symfony\\Component\\Console\\Input\\ArgvInput), Object(Symfony\\Component\\Console\\Output\\ConsoleOutput))
#28 {main}
"} 
[2020-11-08 10:02:38] local.ERROR: Please provide a valid cache path. {"exception":"[object] (InvalidArgumentException(code: 0): Please provide a valid cache path. at C:\\Users\\dell\\Desktop\\Laravel project\\DailyTaskApp\\vendor\\laravel\\framework\\src\\Illuminate\\View\\Compilers\\Compiler.php:36)
[stacktrace]
#0 C:\\Users\\dell\\Desktop\\Laravel project\\DailyTaskApp\\vendor\\laravel\\framework\\src\\Illuminate\\View\\ViewServiceProvider.php(91): Illuminate\\View\\Compilers\\Compiler->__construct(Object(Illuminate\\Filesystem\\Filesystem), false)
#1 C:\\Users\\dell\\Desktop\\Laravel project\\DailyTaskApp\\vendor\\laravel\\framework\\src\\Illuminate\\Container\\Container.php(805): Illuminate\\View\\ViewServiceProvider->Illuminate\\View\\{closure}(Object(Illuminate\\Foundation\\Application), Array)
#2 C:\\Users\\dell\\Desktop\\Laravel project\\DailyTaskApp\\vendor\\laravel\\framework\\src\\Illuminate\\Container\\Container.php(691): Illuminate\\Container\\Container->build(Object(Closure))
#3 C:\\Users\\dell\\Desktop\\Laravel project\\DailyTaskApp\\vendor\\laravel\\framework\\src\\Illuminate\\Foundation\\Application.php(796): Illuminate\\Container\\Container->resolve('blade.compiler', Array, true)
#4 C:\\Users\\dell\\Desktop\\Laravel project\\DailyTaskApp\\vendor\\laravel\\framework\\src\\Illuminate\\Container\\Container.php(637): Illuminate\\Foundation\\Application->resolve('blade.compiler', Array)
#5 C:\\Users\\dell\\Desktop\\Laravel project\\DailyTaskApp\\vendor\\laravel\\framework\\src\\Illuminate\\Foundation\\Application.php(781): Illuminate\\Container\\Container->make('blade.compiler', Array)
#6 C:\\Users\\dell\\Desktop\\Laravel project\\DailyTaskApp\\vendor\\laravel\\framework\\src\\Illuminate\\Container\\Container.php(1284): Illuminate\\Foundation\\Application->make('blade.compiler')
#7 C:\\Users\\dell\\Desktop\\Laravel project\\DailyTaskApp\\vendor\\laravel\\framework\\src\\Illuminate\\View\\ViewServiceProvider.php(151): Illuminate\\Container\\Container->offsetGet('blade.compiler')
#8 [internal function]: Illuminate\\View\\ViewServiceProvider->Illuminate\\View\\{closure}()
#9 C:\\Users\\dell\\Desktop\\Laravel project\\DailyTaskApp\\vendor\\laravel\\framework\\src\\Illuminate\\View\\Engines\\EngineResolver.php(55): call_user_func(Object(Closure))
#10 C:\\Users\\dell\\Desktop\\Laravel project\\DailyTaskApp\\vendor\\facade\\ignition\\src\\IgnitionServiceProvider.php(385): Illuminate\\View\\Engines\\EngineResolver->resolve('blade')
#11 C:\\Users\\dell\\Desktop\\Laravel project\\DailyTaskApp\\vendor\\facade\\ignition\\src\\IgnitionServiceProvider.php(123): Facade\\Ignition\\IgnitionServiceProvider->hasCustomViewEnginesRegistered()
#12 C:\\Users\\dell\\Desktop\\Laravel project\\DailyTaskApp\\vendor\\facade\\ignition\\src\\IgnitionServiceProvider.php(82): Facade\\Ignition\\IgnitionServiceProvider->registerViewEngines()
#13 [internal function]: Facade\\Ignition\\IgnitionServiceProvider->boot()
#14 C:\\Users\\dell\\Desktop\\Laravel project\\DailyTaskApp\\vendor\\laravel\\framework\\src\\Illuminate\\Container\\BoundMethod.php(37): call_user_func_array(Array, Array)
#15 C:\\Users\\dell\\Desktop\\Laravel project\\DailyTaskApp\\vendor\\laravel\\framework\\src\\Illuminate\\Container\\Util.php(37): Illuminate\\Container\\BoundMethod::Illuminate\\Container\\{closure}()
#16 C:\\Users\\dell\\Desktop\\Laravel project\\DailyTaskApp\\vendor\\laravel\\framework\\src\\Illuminate\\Container\\BoundMethod.php(95): Illuminate\\Container\\Util::unwrapIfClosure(Object(Closure))
#17 C:\\Users\\dell\\Desktop\\Laravel project\\DailyTaskApp\\vendor\\laravel\\framework\\src\\Illuminate\\Container\\BoundMethod.php(39): Illuminate\\Container\\BoundMethod::callBoundMethod(Object(Illuminate\\Foundation\\Application), Array, Object(Closure))
#18 C:\\Users\\dell\\Desktop\\Laravel project\\DailyTaskApp\\vendor\\laravel\\framework\\src\\Illuminate\\Container\\Container.php(596): Illuminate\\Container\\BoundMethod::call(Object(Illuminate\\Foundation\\Application), Array, Array, NULL)
#19 C:\\Users\\dell\\Desktop\\Laravel project\\DailyTaskApp\\vendor\\laravel\\framework\\src\\Illuminate\\Foundation\\Application.php(867): Illuminate\\Container\\Container->call(Array)
#20 C:\\Users\\dell\\Desktop\\Laravel project\\DailyTaskApp\\vendor\\laravel\\framework\\src\\Illuminate\\Foundation\\Application.php(850): Illuminate\\Foundation\\Application->bootProvider(Object(Facade\\Ignition\\IgnitionServiceProvider))
#21 [internal function]: Illuminate\\Foundation\\Application->Illuminate\\Foundation\\{closure}(Object(Facade\\Ignition\\IgnitionServiceProvider), 14)
#22 C:\\Users\\dell\\Desktop\\Laravel project\\DailyTaskApp\\vendor\\laravel\\framework\\src\\Illuminate\\Foundation\\Application.php(851): array_walk(Array, Object(Closure))
#23 C:\\Users\\dell\\Desktop\\Laravel project\\DailyTaskApp\\vendor\\laravel\\framework\\src\\Illuminate\\Foundation\\Bootstrap\\BootProviders.php(17): Illuminate\\Foundation\\Application->boot()
#24 C:\\Users\\dell\\Desktop\\Laravel project\\DailyTaskApp\\vendor\\laravel\\framework\\src\\Illuminate\\Foundation\\Application.php(230): Illuminate\\Foundation\\Bootstrap\\BootProviders->bootstrap(Object(Illuminate\\Foundation\\Application))
#25 C:\\Users\\dell\\Desktop\\Laravel project\\DailyTaskApp\\vendor\\laravel\\framework\\src\\Illuminate\\Foundation\\Console\\Kernel.php(310): Illuminate\\Foundation\\Application->bootstrapWith(Array)
#26 C:\\Users\\dell\\Desktop\\Laravel project\\DailyTaskApp\\vendor\\laravel\\framework\\src\\Illuminate\\Foundation\\Console\\Kernel.php(127): Illuminate\\Foundation\\Console\\Kernel->bootstrap()
#27 C:\\Users\\dell\\Desktop\\Laravel project\\DailyTaskApp\\artisan(37): Illuminate\\Foundation\\Console\\Kernel->handle(Object(Symfony\\Component\\Console\\Input\\ArgvInput), Object(Symfony\\Component\\Console\\Output\\ConsoleOutput))
#28 {main}
"} 
[2020-11-09 07:12:44] local.ERROR: Please provide a valid cache path. {"exception":"[object] (InvalidArgumentException(code: 0): Please provide a valid cache path. at C:\\Users\\dell\\Desktop\\Laravel project\\DailyTaskApp\\vendor\\laravel\\framework\\src\\Illuminate\\View\\Compilers\\Compiler.php:36)
[stacktrace]
#0 C:\\Users\\dell\\Desktop\\Laravel project\\DailyTaskApp\\vendor\\laravel\\framework\\src\\Illuminate\\View\\ViewServiceProvider.php(91): Illuminate\\View\\Compilers\\Compiler->__construct(Object(Illuminate\\Filesystem\\Filesystem), false)
#1 C:\\Users\\dell\\Desktop\\Laravel project\\DailyTaskApp\\vendor\\laravel\\framework\\src\\Illuminate\\Container\\Container.php(805): Illuminate\\View\\ViewServiceProvider->Illuminate\\View\\{closure}(Object(Illuminate\\Foundation\\Application), Array)
#2 C:\\Users\\dell\\Desktop\\Laravel project\\DailyTaskApp\\vendor\\laravel\\framework\\src\\Illuminate\\Container\\Container.php(691): Illuminate\\Container\\Container->build(Object(Closure))
#3 C:\\Users\\dell\\Desktop\\Laravel project\\DailyTaskApp\\vendor\\laravel\\framework\\src\\Illuminate\\Foundation\\Application.php(796): Illuminate\\Container\\Container->resolve('blade.compiler', Array, true)
#4 C:\\Users\\dell\\Desktop\\Laravel project\\DailyTaskApp\\vendor\\laravel\\framework\\src\\Illuminate\\Container\\Container.php(637): Illuminate\\Foundation\\Application->resolve('blade.compiler', Array)
#5 C:\\Users\\dell\\Desktop\\Laravel project\\DailyTaskApp\\vendor\\laravel\\framework\\src\\Illuminate\\Foundation\\Application.php(781): Illuminate\\Container\\Container->make('blade.compiler', Array)
#6 C:\\Users\\dell\\Desktop\\Laravel project\\DailyTaskApp\\vendor\\laravel\\framework\\src\\Illuminate\\Container\\Container.php(1284): Illuminate\\Foundation\\Application->make('blade.compiler')
#7 C:\\Users\\dell\\Desktop\\Laravel project\\DailyTaskApp\\vendor\\laravel\\framework\\src\\Illuminate\\View\\ViewServiceProvider.php(151): Illuminate\\Container\\Container->offsetGet('blade.compiler')
#8 [internal function]: Illuminate\\View\\ViewServiceProvider->Illuminate\\View\\{closure}()
#9 C:\\Users\\dell\\Desktop\\Laravel project\\DailyTaskApp\\vendor\\laravel\\framework\\src\\Illuminate\\View\\Engines\\EngineResolver.php(55): call_user_func(Object(Closure))
#10 C:\\Users\\dell\\Desktop\\Laravel project\\DailyTaskApp\\vendor\\facade\\ignition\\src\\IgnitionServiceProvider.php(385): Illuminate\\View\\Engines\\EngineResolver->resolve('blade')
#11 C:\\Users\\dell\\Desktop\\Laravel project\\DailyTaskApp\\vendor\\facade\\ignition\\src\\IgnitionServiceProvider.php(123): Facade\\Ignition\\IgnitionServiceProvider->hasCustomViewEnginesRegistered()
#12 C:\\Users\\dell\\Desktop\\Laravel project\\DailyTaskApp\\vendor\\facade\\ignition\\src\\IgnitionServiceProvider.php(82): Facade\\Ignition\\IgnitionServiceProvider->registerViewEngines()
#13 [internal function]: Facade\\Ignition\\IgnitionServiceProvider->boot()
#14 C:\\Users\\dell\\Desktop\\Laravel project\\DailyTaskApp\\vendor\\laravel\\framework\\src\\Illuminate\\Container\\BoundMethod.php(37): call_user_func_array(Array, Array)
#15 C:\\Users\\dell\\Desktop\\Laravel project\\DailyTaskApp\\vendor\\laravel\\framework\\src\\Illuminate\\Container\\Util.php(37): Illuminate\\Container\\BoundMethod::Illuminate\\Container\\{closure}()
#16 C:\\Users\\dell\\Desktop\\Laravel project\\DailyTaskApp\\vendor\\laravel\\framework\\src\\Illuminate\\Container\\BoundMethod.php(95): Illuminate\\Container\\Util::unwrapIfClosure(Object(Closure))
#17 C:\\Users\\dell\\Desktop\\Laravel project\\DailyTaskApp\\vendor\\laravel\\framework\\src\\Illuminate\\Container\\BoundMethod.php(39): Illuminate\\Container\\BoundMethod::callBoundMethod(Object(Illuminate\\Foundation\\Application), Array, Object(Closure))
#18 C:\\Users\\dell\\Desktop\\Laravel project\\DailyTaskApp\\vendor\\laravel\\framework\\src\\Illuminate\\Container\\Container.php(596): Illuminate\\Container\\BoundMethod::call(Object(Illuminate\\Foundation\\Application), Array, Array, NULL)
#19 C:\\Users\\dell\\Desktop\\Laravel project\\DailyTaskApp\\vendor\\laravel\\framework\\src\\Illuminate\\Foundation\\Application.php(867): Illuminate\\Container\\Container->call(Array)
#20 C:\\Users\\dell\\Desktop\\Laravel project\\DailyTaskApp\\vendor\\laravel\\framework\\src\\Illuminate\\Foundation\\Application.php(850): Illuminate\\Foundation\\Application->bootProvider(Object(Facade\\Ignition\\IgnitionServiceProvider))
#21 [internal function]: Illuminate\\Foundation\\Application->Illuminate\\Foundation\\{closure}(Object(Facade\\Ignition\\IgnitionServiceProvider), 14)
#22 C:\\Users\\dell\\Desktop\\Laravel project\\DailyTaskApp\\vendor\\laravel\\framework\\src\\Illuminate\\Foundation\\Application.php(851): array_walk(Array, Object(Closure))
#23 C:\\Users\\dell\\Desktop\\Laravel project\\DailyTaskApp\\vendor\\laravel\\framework\\src\\Illuminate\\Foundation\\Bootstrap\\BootProviders.php(17): Illuminate\\Foundation\\Application->boot()
#24 C:\\Users\\dell\\Desktop\\Laravel project\\DailyTaskApp\\vendor\\laravel\\framework\\src\\Illuminate\\Foundation\\Application.php(230): Illuminate\\Foundation\\Bootstrap\\BootProviders->bootstrap(Object(Illuminate\\Foundation\\Application))
#25 C:\\Users\\dell\\Desktop\\Laravel project\\DailyTaskApp\\vendor\\laravel\\framework\\src\\Illuminate\\Foundation\\Console\\Kernel.php(310): Illuminate\\Foundation\\Application->bootstrapWith(Array)
#26 C:\\Users\\dell\\Desktop\\Laravel project\\DailyTaskApp\\vendor\\laravel\\framework\\src\\Illuminate\\Foundation\\Console\\Kernel.php(127): Illuminate\\Foundation\\Console\\Kernel->bootstrap()
#27 C:\\Users\\dell\\Desktop\\Laravel project\\DailyTaskApp\\artisan(37): Illuminate\\Foundation\\Console\\Kernel->handle(Object(Symfony\\Component\\Console\\Input\\ArgvInput), Object(Symfony\\Component\\Console\\Output\\ConsoleOutput))
#28 {main}
"} 
